This is pdfTeX, Version 3.14159265-2.6-1.40.15 (TeX Live 2014) (preloaded format=latex 2015.1.22)  4 NOV 2015 11:11
entering extended mode
 restricted \write18 enabled.
 file:line:error style messages enabled.
 %&-line parsing enabled.
**analyse_entwurf.tex
(./analyse_entwurf.tex
LaTeX2e <2014/05/01>
Babel <3.9k> and hyphenation patterns for 78 languages loaded.
(/usr/local/texlive/2014/texmf-dist/tex/latex/base/book.cls
Document Class: book 2007/10/19 v1.4h Standard LaTeX document class
(/usr/local/texlive/2014/texmf-dist/tex/latex/base/bk10.clo
File: bk10.clo 2007/10/19 v1.4h Standard LaTeX file (size option)
)
\c@part=\count79
\c@chapter=\count80
\c@section=\count81
\c@subsection=\count82
\c@subsubsection=\count83
\c@paragraph=\count84
\c@subparagraph=\count85
\c@figure=\count86
\c@table=\count87
\abovecaptionskip=\skip41
\belowcaptionskip=\skip42
\bibindent=\dimen102
)
(/usr/local/texlive/2014/texmf-dist/tex/latex/float/float.sty
Package: float 2001/11/08 v1.3d Float enhancements (AL)
\c@float@type=\count88
\float@exts=\toks14
\float@box=\box26
\@float@everytoks=\toks15
\@floatcapt=\box27
)
(/usr/local/texlive/2014/texmf-dist/tex/latex/amsmath/amsmath.sty
Package: amsmath 2013/01/14 v2.14 AMS math features
\@mathmargin=\skip43

For additional information on amsmath, use the `?' option.
(/usr/local/texlive/2014/texmf-dist/tex/latex/amsmath/amstext.sty
Package: amstext 2000/06/29 v2.01

(/usr/local/texlive/2014/texmf-dist/tex/latex/amsmath/amsgen.sty
File: amsgen.sty 1999/11/30 v2.0
\@emptytoks=\toks16
\ex@=\dimen103
))
(/usr/local/texlive/2014/texmf-dist/tex/latex/amsmath/amsbsy.sty
Package: amsbsy 1999/11/29 v1.2d
\pmbraise@=\dimen104
)
(/usr/local/texlive/2014/texmf-dist/tex/latex/amsmath/amsopn.sty
Package: amsopn 1999/12/14 v2.01 operator names
)
\inf@bad=\count89
LaTeX Info: Redefining \frac on input line 210.
\uproot@=\count90
\leftroot@=\count91
LaTeX Info: Redefining \overline on input line 306.
\classnum@=\count92
\DOTSCASE@=\count93
LaTeX Info: Redefining \ldots on input line 378.
LaTeX Info: Redefining \dots on input line 381.
LaTeX Info: Redefining \cdots on input line 466.
\Mathstrutbox@=\box28
\strutbox@=\box29
\big@size=\dimen105
LaTeX Font Info:    Redeclaring font encoding OML on input line 566.
LaTeX Font Info:    Redeclaring font encoding OMS on input line 567.
\macc@depth=\count94
\c@MaxMatrixCols=\count95
\dotsspace@=\muskip10
\c@parentequation=\count96
\dspbrk@lvl=\count97
\tag@help=\toks17
\row@=\count98
\column@=\count99
\maxfields@=\count100
\andhelp@=\toks18
\eqnshift@=\dimen106
\alignsep@=\dimen107
\tagshift@=\dimen108
\tagwidth@=\dimen109
\totwidth@=\dimen110
\lineht@=\dimen111
\@envbody=\toks19
\multlinegap=\skip44
\multlinetaggap=\skip45
\mathdisplay@stack=\toks20
LaTeX Info: Redefining \[ on input line 2665.
LaTeX Info: Redefining \] on input line 2666.
)
(/usr/local/texlive/2014/texmf-dist/tex/generic/babel/babel.sty
Package: babel 2014/03/24 3.9k The Babel package

(/usr/local/texlive/2014/texmf-dist/tex/generic/babel-german/german.ldf
Language: german 2013/12/13 v2.7 German support for babel (traditional orthogra
phy)

(/usr/local/texlive/2014/texmf-dist/tex/generic/babel-german/germanb.ldf
Language: germanb 2013/12/13 v2.7 German support for babel (traditional orthogr
aphy)

(/usr/local/texlive/2014/texmf-dist/tex/generic/babel/babel.def
File: babel.def 2014/03/24 3.9k Babel common definitions
\babel@savecnt=\count101
\U@D=\dimen112
)
\l@austrian = a dialect from \language\l@german 
Package babel Info: Making " an active character on input line 107.
)))
(/usr/local/texlive/2014/texmf-dist/tex/latex/amsfonts/amssymb.sty
Package: amssymb 2013/01/14 v3.01 AMS font symbols

(/usr/local/texlive/2014/texmf-dist/tex/latex/amsfonts/amsfonts.sty
Package: amsfonts 2013/01/14 v3.01 Basic AMSFonts support
\symAMSa=\mathgroup4
\symAMSb=\mathgroup5
LaTeX Font Info:    Overwriting math alphabet `\mathfrak' in version `bold'
(Font)                  U/euf/m/n --> U/euf/b/n on input line 106.
))
(/usr/local/texlive/2014/texmf-dist/tex/latex/amsmath/amsxtra.sty
Package: amsxtra 1999/11/15 v1.2c
LaTeX Info: Redefining \nobreakspace on input line 65.
)
(/usr/local/texlive/2014/texmf-dist/tex/latex/graphics/epsfig.sty
Package: epsfig 1999/02/16 v1.7a (e)psfig emulation (SPQR)

(/usr/local/texlive/2014/texmf-dist/tex/latex/graphics/graphicx.sty
Package: graphicx 2014/04/25 v1.0g Enhanced LaTeX Graphics (DPC,SPQR)

(/usr/local/texlive/2014/texmf-dist/tex/latex/graphics/keyval.sty
Package: keyval 2014/05/08 v1.15 key=value parser (DPC)
\KV@toks@=\toks21
)
(/usr/local/texlive/2014/texmf-dist/tex/latex/graphics/graphics.sty
Package: graphics 2009/02/05 v1.0o Standard LaTeX Graphics (DPC,SPQR)

(/usr/local/texlive/2014/texmf-dist/tex/latex/graphics/trig.sty
Package: trig 1999/03/16 v1.09 sin cos tan (DPC)
)
(/usr/local/texlive/2014/texmf-dist/tex/latex/latexconfig/graphics.cfg
File: graphics.cfg 2010/04/23 v1.9 graphics configuration of TeX Live
)
Package graphics Info: Driver file: dvips.def on input line 91.

(/usr/local/texlive/2014/texmf-dist/tex/latex/graphics/dvips.def
File: dvips.def 2014/04/23 v3.0j Driver-dependant file (DPC,SPQR)
))
\Gin@req@height=\dimen113
\Gin@req@width=\dimen114
)
\epsfxsize=\dimen115
\epsfysize=\dimen116
)
(/usr/local/texlive/2014/texmf-dist/tex/latex/psfrag/psfrag.sty
Package: psfrag 1998/04/11 v3.04 PSfrag (MCG)
\pfg@pcount=\count102
\pfg@scount=\count103
\pfg@temp=\write3
)
(/usr/local/texlive/2014/texmf-dist/tex/latex/listings/listings.sty
\lst@mode=\count104
\lst@gtempboxa=\box30
\lst@token=\toks22
\lst@length=\count105
\lst@currlwidth=\dimen117
\lst@column=\count106
\lst@pos=\count107
\lst@lostspace=\dimen118
\lst@width=\dimen119
\lst@newlines=\count108
\lst@lineno=\count109
\lst@maxwidth=\dimen120

(/usr/local/texlive/2014/texmf-dist/tex/latex/listings/lstmisc.sty
File: lstmisc.sty 2014/03/04 1.5c (Carsten Heinz)
\c@lstnumber=\count110
\lst@skipnumbers=\count111
\lst@framebox=\box31
)
(/usr/local/texlive/2014/texmf-dist/tex/latex/listings/listings.cfg
File: listings.cfg 2014/03/04 1.5c listings configuration
))
Package: listings 2014/03/04 1.5c (Carsten Heinz)

(/usr/local/texlive/2014/texmf-dist/tex/latex/enumitem/enumitem.sty
Package: enumitem 2011/09/28 v3.5.2 Customized lists
\labelindent=\skip46
\enit@outerparindent=\dimen121
\enit@toks=\toks23
\enit@inbox=\box32
\enitdp@description=\count112
)
(./analyse_entwurf.aux (./vorwort.aux) (./analyse.aux) (./entwurf.aux)
(./nutzerdoc.aux) (./entwicklerdoc.aux) (./quellcode.aux))
\openout1 = `analyse_entwurf.aux'.

LaTeX Font Info:    Checking defaults for OML/cmm/m/it on input line 30.
LaTeX Font Info:    ... okay on input line 30.
LaTeX Font Info:    Checking defaults for T1/cmr/m/n on input line 30.
LaTeX Font Info:    ... okay on input line 30.
LaTeX Font Info:    Checking defaults for OT1/cmr/m/n on input line 30.
LaTeX Font Info:    ... okay on input line 30.
LaTeX Font Info:    Checking defaults for OMS/cmsy/m/n on input line 30.
LaTeX Font Info:    ... okay on input line 30.
LaTeX Font Info:    Checking defaults for OMX/cmex/m/n on input line 30.
LaTeX Font Info:    ... okay on input line 30.
LaTeX Font Info:    Checking defaults for U/cmr/m/n on input line 30.
LaTeX Font Info:    ... okay on input line 30.
\c@lstlisting=\count113

(/usr/local/texlive/2014/texmf-dist/tex/latex/listings/lstlang1.sty
File: lstlang1.sty 2014/03/04 1.5c listings language file
)
File: figures/cces_logo.eps Graphic file (type eps)

<figures/cces_logo.eps>
LaTeX Font Info:    Try loading font information for U+msa on input line 39.

(/usr/local/texlive/2014/texmf-dist/tex/latex/amsfonts/umsa.fd
File: umsa.fd 2013/01/14 v3.01 AMS symbols A
)
LaTeX Font Info:    Try loading font information for U+msb on input line 39.

(/usr/local/texlive/2014/texmf-dist/tex/latex/amsfonts/umsb.fd
File: umsb.fd 2013/01/14 v3.01 AMS symbols B
) [1


] [2

]
(./analyse_entwurf.toc [3])
\tf@toc=\write4
\openout4 = `analyse_entwurf.toc'.

 [4]
\openout2 = `vorwort.aux'.

 (./vorwort.tex
Kapitel 1.

Underfull \hbox (badness 10000) in paragraph at lines 7--8

 []


Underfull \hbox (badness 10000) in paragraph at lines 9--10

 []


Underfull \hbox (badness 10000) in paragraph at lines 11--12

 []


Underfull \hbox (badness 10000) in paragraph at lines 13--15

 []

LaTeX Font Info:    Try loading font information for OMS+cmr on input line 23.
(/usr/local/texlive/2014/texmf-dist/tex/latex/base/omscmr.fd
File: omscmr.fd 1999/05/25 v2.5h Standard LaTeX font definitions
)
LaTeX Font Info:    Font shape `OMS/cmr/m/n' in size <10> not available
(Font)              Font shape `OMS/cmsy/m/n' tried instead on input line 23.
 [5


]) [6]
\openout2 = `analyse.aux'.


(./analyse.tex
Kapitel 2.

Underfull \hbox (badness 10000) in paragraph at lines 9--27

 []

[7



]
File: Bilder/Top_Level_Use_Cases.eps Graphic file (type eps)
 <Bilder/Top_Level_Use_Cases.eps> (./ucBeschreibung/beenden.tex [8]
Missing character: There is no Ÿ in font cmr10!
)
File: Bilder/Beenden1.eps Graphic file (type eps)

<Bilder/Beenden1.eps>
Overfull \hbox (15.0pt too wide) in paragraph at lines 44--45
[][] 
 []

(./ucBeschreibung/checkInput.tex
Overfull \hbox (32.97185pt too wide) in paragraph at lines 17--18
[]\OT1/cmr/m/n/10 Die Ap-pli-ka-ti-on pr[]uft, ob die ma-xi-ma-le An-zahl der I
te-ra-tio-nen $\OML/cmm/m/it/10 max[]teration$\OT1/cmr/m/n/10 ,
 []

[9]
Overfull \hbox (13.07117pt too wide) in paragraph at lines 22--23
[]\OT1/cmr/m/n/10 Die Ap-pli-ka-ti-on zeigt ei-ne Feh-ler-mel-dung, falls die G
e-biets-gr[]o^^Ye ung[]ultig
 []


Underfull \hbox (badness 10000) in paragraph at lines 32--33

 []

)
File: Bilder/Check_Input.eps Graphic file (type eps)
 <Bilder/Check_Input.eps>
Overfull \hbox (15.0pt too wide) in paragraph at lines 48--49
[][] 
 []

(./ucBeschreibung/checkRandfunktionen.tex [10])
File: Bilder/Check_Randfunktionen.eps Graphic file (type eps)

<Bilder/Check_Randfunktionen.eps>
Overfull \hbox (15.0pt too wide) in paragraph at lines 52--53
[][] 
 []

(./ucBeschreibung/einstellungenLaden.tex [11])
File: Bilder/Einstellungen_laden.eps Graphic file (type eps)

<Bilder/Einstellungen_laden.eps>
Overfull \hbox (15.0pt too wide) in paragraph at lines 56--57
[][] 
 []

(./ucBeschreibung/einstellungenSpeichern.tex)
File: Bilder/Einstellungen_speichern_1.eps Graphic file (type eps)

<Bilder/Einstellungen_speichern_1.eps>
Overfull \hbox (15.0pt too wide) in paragraph at lines 60--61
[][] 
 []

(./ucBeschreibung/ergebnisLaden.tex [12])
File: Bilder/Ergebnis_laden_1.eps Graphic file (type eps)
 <Bilder/Ergebnis_laden_1.eps>
(./ucBeschreibung/ergebnisSpeichern.tex [13])
File: Bilder/Einstellungen_speichern_1.eps Graphic file (type eps)

<Bilder/Einstellungen_speichern_1.eps>
(./ucBeschreibung/gebiertsgroesseAendern.tex)
File: Bilder/Gebietsgroesse_aendern1.eps Graphic file (type eps)

<Bilder/Gebietsgroesse_aendern1.eps>
(./ucBeschreibung/numerischeParameterAendern.tex
Overfull \hbox (15.0pt too wide) in paragraph at lines 68--3
[][]
 []

[14])
File: Bilder/Numerische_Parameter_aendern.eps Graphic file (type eps)
 <Bilder/Numerische_Parameter_aendern.eps>
(./ucBeschreibung/randfunktionenAendern.tex [15])
File: Bilder/Numerische_Parameter_aendern.eps Graphic file (type eps)

<Bilder/Numerische_Parameter_aendern.eps> (./ucBeschreibung/run.tex [16])
File: Bilder/Run1.eps Graphic file (type eps)

<Bilder/Run1.eps> (./ucBeschreibung/tabWechseln.tex)
File: Bilder/Tab_wechseln1.eps Graphic file (type eps)

<Bilder/Tab_wechseln1.eps> [17]
File: Bilder/Begriffsmodel.eps Graphic file (type eps)
 <Bilder/Begriffsmodel.eps> [18]) [19]
\openout2 = `entwurf.aux'.


(./entwurf.tex [20



]
Kapitel 3.
File: Bilder/Klassendiagramm.eps Graphic file (type eps)
<Bilder/Klassendiagramm.eps>
File: Bilder/Beenden.eps Graphic file (type eps)
 <Bilder/Beenden.eps>
File: Bilder/CheckInput.eps Graphic file (type eps)
 <Bilder/CheckInput.eps>
File: Bilder/checkRandfunktionen.eps Graphic file (type eps)

<Bilder/checkRandfunktionen.eps>
File: Bilder/Einstellungen_Laden_1.eps Graphic file (type eps)
 <Bilder/Einstellungen_Laden_1.eps>
File: Bilder/Einstellungen_Speichern.eps Graphic file (type eps)

<Bilder/Einstellungen_Speichern.eps>
File: Bilder/Ergebnis_Laden.eps Graphic file (type eps)
 <Bilder/Ergebnis_Laden.eps>
File: Bilder/Ergebnis_Speichern.eps Graphic file (type eps)

<Bilder/Ergebnis_Speichern.eps>
File: Bilder/Gebietsgroesse_aendern.eps Graphic file (type eps)
 <Bilder/Gebietsgroesse_aendern.eps>
File: Bilder/NumerischeParameterAendern.eps Graphic file (type eps)

<Bilder/NumerischeParameterAendern.eps>
File: Bilder/RandfunktionenAendern.eps Graphic file (type eps)
 <Bilder/RandfunktionenAendern.eps>
File: Bilder/Run.eps Graphic file (type eps)

<Bilder/Run.eps>
File: Bilder/Tab_wechseln.eps Graphic file (type eps)
 <Bilder/Tab_wechseln.eps>)
Underfull \hbox (badness 10000) in paragraph at lines 13--45

 []


Underfull \hbox (badness 10000) in paragraph at lines 13--45

 []


Underfull \hbox (badness 10000) in paragraph at lines 13--45

 []


Underfull \hbox (badness 10000) in paragraph at lines 13--45

 []


Underfull \hbox (badness 10000) in paragraph at lines 13--45

 []


Underfull \hbox (badness 10000) in paragraph at lines 13--45

 []


Underfull \hbox (badness 10000) in paragraph at lines 13--45

 []


Underfull \hbox (badness 10000) in paragraph at lines 13--45

 []


Underfull \hbox (badness 10000) in paragraph at lines 13--45

 []


Underfull \hbox (badness 10000) in paragraph at lines 13--45

 []


Underfull \hbox (badness 10000) in paragraph at lines 13--45

 []


Underfull \hbox (badness 10000) in paragraph at lines 13--45

 []


Underfull \hbox (badness 10000) in paragraph at lines 13--45

 []


Underfull \hbox (badness 10000) in paragraph at lines 13--45

 []


Underfull \vbox (badness 10000) has occurred while \output is active []

 [21]
Underfull \vbox (badness 10000) has occurred while \output is active []

 [22]
Underfull \vbox (badness 10000) has occurred while \output is active []

 [23]
Underfull \vbox (badness 10000) has occurred while \output is active []

 [24]
Underfull \vbox (badness 10000) has occurred while \output is active []

 [25]
[26]
\openout2 = `nutzerdoc.aux'.

 (./nutzerdoc.tex
Kapitel 4.

Overfull \hbox (122.75352pt too wide) in paragraph at lines 14--15
\OT1/cmr/m/n/10 Die un-kom-pi-lier-te Ver-si-on des Pro-gramms fin-det sich in 
dem Ver-zeich-nis \OT1/cmtt/m/n/10 minimalflaechen[]projekt[]source\OT1/cmr/m/n
/10 .
 []


Overfull \hbox (1.7379pt too wide) in paragraph at lines 20--22
\OT1/cmr/m/n/10 stel-lun-gen (Rand-funk-tio-nen, nu-me-ri-sche Pa-ra-me-ter und
 Ge-biets-gr[]o^^Ye) kann man
 []

[27



]
File: nutzerdoc/Einstellung_Speichern_2.eps Graphic file (type eps)
 <nutzerdoc/Einstellung_Speichern_2.eps>
Underfull \vbox (badness 1824) has occurred while \output is active []

 [28]
[29]
File: nutzerdoc/surface_format.eps Graphic file (type eps)
 <nutzerdoc/surface_format.eps>
Overfull \hbox (15.0pt too wide) in paragraph at lines 62--63
[][] 
 []

File: nutzerdoc/Einstellung_Speichern_1.eps Graphic file (type eps)
<nutzerdoc/Einstellung_Speichern_1.eps>
Underfull \vbox (badness 10000) has occurred while \output is active []

 [30]
File: nutzerdoc/Einstellung_Laden_1.eps Graphic file (type eps)

<nutzerdoc/Einstellung_Laden_1.eps>
Underfull \vbox (badness 10000) has occurred while \output is active []

 [31]
File: nutzerdoc/Ergebnis_Speichern.eps Graphic file (type eps)

<nutzerdoc/Ergebnis_Speichern.eps>
Underfull \vbox (badness 10000) has occurred while \output is active []

 [32]
File: nutzerdoc/Ergebnis_Laden.eps Graphic file (type eps)

<nutzerdoc/Ergebnis_Laden.eps>
Underfull \vbox (badness 10000) has occurred while \output is active []

 [33]
File: nutzerdoc/3.eps Graphic file (type eps)

<nutzerdoc/3.eps>
File: nutzerdoc/1.eps Graphic file (type eps)
 <nutzerdoc/1.eps>
File: nutzerdoc/tier1.eps Graphic file (type eps)
 <nutzerdoc/tier1.eps>
Overfull \hbox (21.64146pt too wide) in paragraph at lines 87--99
\OT1/cmr/m/n/10 Nun wer-den die Da-ten in Mat-lab ge-la-den, wel-che z.B. mit d
em Be-fehl \OT1/cmr/bx/n/10 surf(filename)
 []


Underfull \hbox (badness 10000) in paragraph at lines 87--99

 []

[34]
Underfull \vbox (badness 10000) has occurred while \output is active []

 [35])
[36]
\openout2 = `entwicklerdoc.aux'.

 (./entwicklerdoc.tex
Kapitel 5.

Underfull \hbox (badness 10000) in paragraph at lines 12--17

 []

) [37



]
No file analyse_entwurf.bbl.
\openout2 = `quellcode.aux'.

(./quellcode.tex [38



]
Anhang A.
LaTeX Font Info:    Font shape `OMS/cmr/m/n' in size <9> not available
(Font)              Font shape `OMS/cmsy/m/n' tried instead on input line 13.
) [39] (./analyse_entwurf.aux (./vorwort.aux) (./analyse.aux) (./entwurf.aux)
(./nutzerdoc.aux) (./entwicklerdoc.aux) (./quellcode.aux)) ) 
Here is how much of TeX's memory you used:
 3828 strings out of 493118
 52398 string characters out of 6135459
 139837 words of memory out of 5000000
 7134 multiletter control sequences out of 15000+600000
 14920 words of font info for 57 fonts, out of 8000000 for 9000
 1141 hyphenation exceptions out of 8191
 32i,6n,32p,729b,974s stack positions out of 5000i,500n,10000p,200000b,80000s

Output written on analyse_entwurf.dvi (39 pages, 59616 bytes).
